[0m09:18:03.332451 [debug] [MainThread]: Sending event: {'category': 'dbt', 'action': 'invocation', 'label': 'start', 'context': [<snowplow_tracker.self_describing_json.SelfDescribingJson object at 0x7fc5804ff1d0>, <snowplow_tracker.self_describing_json.SelfDescribingJson object at 0x7fc5806aa060>, <snowplow_tracker.self_describing_json.SelfDescribingJson object at 0x7fc5806aa690>]}


============================== 09:18:03.347428 | 3b244b38-b9b1-4371-8542-84aa1e1cd2bb ==============================
[0m09:18:03.347428 [info ] [MainThread]: Running with dbt=1.9.0
[0m09:18:03.348621 [debug] [MainThread]: running dbt with arguments {'printer_width': '80', 'indirect_selection': 'eager', 'write_json': 'True', 'log_cache_events': 'False', 'partial_parse': 'True', 'cache_selected_only': 'False', 'warn_error': 'None', 'version_check': 'True', 'debug': 'False', 'log_path': 'logs', 'profiles_dir': '/root/.dbt', 'fail_fast': 'False', 'use_colors': 'True', 'use_experimental_parser': 'False', 'empty': 'None', 'quiet': 'False', 'no_print': 'None', 'log_format': 'default', 'invocation_command': 'dbt init my_project', 'warn_error_options': 'WarnErrorOptions(include=[], exclude=[])', 'static_parser': 'True', 'target_path': 'None', 'introspect': 'True', 'send_anonymous_usage_stats': 'True'}
[0m09:18:03.426210 [debug] [MainThread]: Starter project path: /usr/local/lib/python3.12/site-packages/dbt/include/starter_project
[0m09:18:03.435151 [info ] [MainThread]: 
Your new dbt project "my_project" was created!

For more information on how to configure the profiles.yml file,
please consult the dbt documentation here:

  https://docs.getdbt.com/docs/configure-your-profile

One more thing:

Need help? Don't hesitate to reach out to us via GitHub issues or on Slack:

  https://community.getdbt.com/

Happy modeling!

[0m09:18:03.436035 [info ] [MainThread]: Setting up your profile.
[0m09:18:42.696864 [info ] [MainThread]: Profile my_project written to /root/.dbt/profiles.yml using target's profile_template.yml and your supplied values. Run 'dbt debug' to validate the connection.
[0m09:18:42.699236 [debug] [MainThread]: Resource report: {"command_name": "init", "command_success": true, "command_wall_clock_time": 38.567326, "process_in_blocks": "0", "process_kernel_time": 0.418867, "process_mem_max_rss": "92640", "process_out_blocks": "1544", "process_user_time": 2.240736}
[0m09:18:42.700249 [debug] [MainThread]: Command `dbt init` succeeded at 09:18:42.700055 after 38.57 seconds
[0m09:18:42.701172 [debug] [MainThread]: Sending event: {'category': 'dbt', 'action': 'invocation', 'label': 'end', 'context': [<snowplow_tracker.self_describing_json.SelfDescribingJson object at 0x7fc581353fe0>, <snowplow_tracker.self_describing_json.SelfDescribingJson object at 0x7fc57fc193d0>, <snowplow_tracker.self_describing_json.SelfDescribingJson object at 0x7fc57ff4efc0>]}
[0m09:18:42.702311 [debug] [MainThread]: Flushing usage events
[0m09:18:43.753522 [debug] [MainThread]: An error was encountered while trying to flush usage events
